#
# There is insufficient memory for the Java Runtime Environment to continue.
# Native memory allocation (malloc) failed to allocate 1048576 bytes for AllocateHeap
# Possible reasons:
#   The system is out of physical RAM or swap space
#   The process is running with CompressedOops enabled, and the Java Heap may be blocking the growth of the native heap
# Possible solutions:
#   Reduce memory load on the system
#   Increase physical memory or swap space
#   Check if swap backing store is full
#   Decrease Java heap size (-Xmx/-Xms)
#   Decrease number of Java threads
#   Decrease Java thread stack sizes (-Xss)
#   Set larger code cache with -XX:ReservedCodeCacheSize=
#   JVM is running with Zero Based Compressed Oops mode in which the Java heap is
#     placed in the first 32GB address space. The Java Heap base address is the
#     maximum limit for the native heap growth. Please use -XX:HeapBaseMinAddress
#     to set the Java Heap base and to place the Java Heap above 32GB virtual address.
# This output file may be truncated or incomplete.
#
#  Out of Memory Error (allocation.cpp:44), pid=15964, tid=14904
#
# JRE version:  (16.0.2+7) (build )
# Java VM: OpenJDK 64-Bit Server VM (16.0.2+7-67, mixed mode, sharing, tiered, compressed oops, compressed class ptrs, g1 gc, windows-amd64)
# No core dump will be written. Minidumps are not enabled by default on client versions of Windows
#

---------------  S U M M A R Y ------------

Command Line: -Dfile.encoding=GBK --module-path=C:\Users\a_lei\eclipse-workspace\GUI\bin -XX:+ShowCodeDetailsInExceptionMessages -Djdk.module.main=GUI GUI/gui.SimpleGui1stuff

Host: Intel(R) Core(TM) i5-5200U CPU @ 2.20GHz, 4 cores, 11G,  Windows 10 , 64 bit Build 19041 (10.0.19041.1566)
Time: Mon Mar 14 00:03:39 2022  Windows 10 , 64 bit Build 19041 (10.0.19041.1566) elapsed time: 0.018062 seconds (0d 0h 0m 0s)

---------------  T H R E A D  ---------------

Current thread (0x000001bd2d7fb060):  JavaThread "Unknown thread" [_thread_in_vm, id=14904, stack(0x00000012e1c00000,0x00000012e1d00000)]

Stack: [0x00000012e1c00000,0x00000012e1d00000]
Native frames: (J=compiled Java code, j=interpreted, Vv=VM code, C=native code)
V  [jvm.dll+0x6681ca]
V  [jvm.dll+0x7c9e69]
V  [jvm.dll+0x7cb61e]
V  [jvm.dll+0x7cbc73]
V  [jvm.dll+0x242c55]
V  [jvm.dll+0xa8732]
V  [jvm.dll+0x2dc6d4]
V  [jvm.dll+0x2d423b]
V  [jvm.dll+0x79c741]
V  [jvm.dll+0x360791]
V  [jvm.dll+0x77a3f0]
V  [jvm.dll+0x3e4e8f]
V  [jvm.dll+0x3e6961]
C  [jli.dll+0x52fb]
C  [ucrtbase.dll+0x21bb2]
C  [KERNEL32.DLL+0x17034]
C  [ntdll.dll+0x52651]


---------------  P R O C E S S  ---------------

Threads class SMR info:
_java_thread_list=0x00007ffdcee4cbb8, length=0, elements={
}

Java Threads: ( => current thread )

Other Threads:
  0x000001bd2d83fd20 GCTaskThread "GC Thread#0" [stack: 0x00000012e1d00000,0x00000012e1e00000] [id=7416]

[error occurred during error reporting (printing all threads), id 0xc0000005, EXCEPTION_ACCESS_VIOLATION (0xc0000005) at pc=0x00007ffdce6213c0]

VM state: not at safepoint (not fully initialized)

VM Mutex/Monitor currently owned by a thread:  ([mutex/lock_event])
[0x000001bd2d7f76a0] Heap_lock - owner thread: 0x000001bd2d7fb060

Heap address: 0x0000000741400000, size: 3052 MB, Compressed Oops mode: Zero based, Oop shift amount: 3

CDS archive(s) mapped at: [0x0000000000000000-0x0000000000000000-0x0000000000000000), size 0, SharedBaseAddress: 0x0000000800000000, ArchiveRelocationMode: 0.
Narrow klass base: 0x0000000000000000, Narrow klass shift: 0, Narrow klass range: 0x0

GC Precious Log:
<Empty>

Heap:
 garbage-first heap   total 0K, used 0K [0x0000000741400000, 0x0000000800000000)
  region size 2048K, 0 young (0K), 0 survivors (0K)

[error occurred during error reporting (printing heap information), id 0xc0000005, EXCEPTION_ACCESS_VIOLATION (0xc0000005) at pc=0x00007ffdcea01eed]

GC Heap History (0 events):
No events

Deoptimization events (0 events):
No events

Classes unloaded (0 events):
No events

Classes redefined (0 events):
No events

Internal exceptions (0 events):
No events

Events (1 events):
Event: 0.011 Loaded shared library C:\Users\a_lei\.p2\pool\plugins\org.eclipse.justj.openjdk.hotspot.jre.full.win32.x86_64_16.0.2.v20210721-1149\jre\bin\java.dll


Dynamic libraries:
0x00007ff7fcab0000 - 0x00007ff7fcabe000 	C:\Users\a_lei\.p2\pool\plugins\org.eclipse.justj.openjdk.hotspot.jre.full.win32.x86_64_16.0.2.v20210721-1149\jre\bin\javaw.exe
0x00007ffe37970000 - 0x00007ffe37b65000 	C:\WINDOWS\SYSTEM32\ntdll.dll
0x00007ffe37870000 - 0x00007ffe3792e000 	C:\WINDOWS\System32\KERNEL32.DLL
0x00007ffe35690000 - 0x00007ffe35958000 	C:\WINDOWS\System32\KERNELBASE.dll
0x00007ffe350e0000 - 0x00007ffe351e0000 	C:\WINDOWS\System32\ucrtbase.dll
0x00007ffe17200000 - 0x00007ffe17219000 	C:\Users\a_lei\.p2\pool\plugins\org.eclipse.justj.openjdk.hotspot.jre.full.win32.x86_64_16.0.2.v20210721-1149\jre\bin\VCRUNTIME140.dll
0x00007ffe17270000 - 0x00007ffe17288000 	C:\Users\a_lei\.p2\pool\plugins\org.eclipse.justj.openjdk.hotspot.jre.full.win32.x86_64_16.0.2.v20210721-1149\jre\bin\jli.dll
0x00007ffe36500000 - 0x00007ffe366a0000 	C:\WINDOWS\System32\USER32.dll
0x00007ffe35450000 - 0x00007ffe35472000 	C:\WINDOWS\System32\win32u.dll
0x00007ffe1f460000 - 0x00007ffe1f6fa000 	C:\WINDOWS\WinSxS\amd64_microsoft.windows.common-controls_6595b64144ccf1df_6.0.19041.1110_none_60b5254171f9507e\COMCTL32.dll
0x00007ffe37390000 - 0x00007ffe373bb000 	C:\WINDOWS\System32\GDI32.dll
0x00007ffe352a0000 - 0x00007ffe353ab000 	C:\WINDOWS\System32\gdi32full.dll
0x00007ffe353b0000 - 0x00007ffe3544d000 	C:\WINDOWS\System32\msvcp_win.dll
0x00007ffe36f90000 - 0x00007ffe3702e000 	C:\WINDOWS\System32\msvcrt.dll
0x00007ffe375c0000 - 0x00007ffe375f0000 	C:\WINDOWS\System32\IMM32.DLL
0x00007ffe2d8c0000 - 0x00007ffe2d8cc000 	C:\Users\a_lei\.p2\pool\plugins\org.eclipse.justj.openjdk.hotspot.jre.full.win32.x86_64_16.0.2.v20210721-1149\jre\bin\vcruntime140_1.dll
0x00007ffe12410000 - 0x00007ffe124a1000 	C:\Users\a_lei\.p2\pool\plugins\org.eclipse.justj.openjdk.hotspot.jre.full.win32.x86_64_16.0.2.v20210721-1149\jre\bin\msvcp140.dll
0x00007ffdce340000 - 0x00007ffdceeeb000 	C:\Users\a_lei\.p2\pool\plugins\org.eclipse.justj.openjdk.hotspot.jre.full.win32.x86_64_16.0.2.v20210721-1149\jre\bin\server\jvm.dll
0x00007ffe360a0000 - 0x00007ffe3614e000 	C:\WINDOWS\System32\ADVAPI32.dll
0x00007ffe36460000 - 0x00007ffe364fc000 	C:\WINDOWS\System32\sechost.dll
0x00007ffe37740000 - 0x00007ffe37865000 	C:\WINDOWS\System32\RPCRT4.dll
0x00007ffe363c0000 - 0x00007ffe363c8000 	C:\WINDOWS\System32\PSAPI.DLL
0x00007ffe212e0000 - 0x00007ffe212e9000 	C:\WINDOWS\SYSTEM32\WSOCK32.dll
0x00007ffe29430000 - 0x00007ffe29457000 	C:\WINDOWS\SYSTEM32\WINMM.dll
0x00007ffe375f0000 - 0x00007ffe3765b000 	C:\WINDOWS\System32\WS2_32.dll
0x00007ffe2b290000 - 0x00007ffe2b29a000 	C:\WINDOWS\SYSTEM32\VERSION.dll
0x00007ffe32fa0000 - 0x00007ffe32fb2000 	C:\WINDOWS\SYSTEM32\kernel.appcore.dll
0x00007ffe31ab0000 - 0x00007ffe31aba000 	C:\Users\a_lei\.p2\pool\plugins\org.eclipse.justj.openjdk.hotspot.jre.full.win32.x86_64_16.0.2.v20210721-1149\jre\bin\jimage.dll
0x00007ffe2cb40000 - 0x00007ffe2cd24000 	C:\WINDOWS\SYSTEM32\DBGHELP.DLL
0x00007ffe2cd80000 - 0x00007ffe2cdac000 	C:\WINDOWS\SYSTEM32\dbgcore.DLL
0x00007ffe35210000 - 0x00007ffe35292000 	C:\WINDOWS\System32\bcryptPrimitives.dll
0x00007ffe16c40000 - 0x00007ffe16c65000 	C:\Users\a_lei\.p2\pool\plugins\org.eclipse.justj.openjdk.hotspot.jre.full.win32.x86_64_16.0.2.v20210721-1149\jre\bin\java.dll

dbghelp: loaded successfully - version: 4.0.5 - missing functions: none
symbol engine: initialized successfully - sym options: 0x614 - pdb path: .;C:\Users\a_lei\.p2\pool\plugins\org.eclipse.justj.openjdk.hotspot.jre.full.win32.x86_64_16.0.2.v20210721-1149\jre\bin;C:\WINDOWS\SYSTEM32;C:\WINDOWS\WinSxS\amd64_microsoft.windows.common-controls_6595b64144ccf1df_6.0.19041.1110_none_60b5254171f9507e;C:\Users\a_lei\.p2\pool\plugins\org.eclipse.justj.openjdk.hotspot.jre.full.win32.x86_64_16.0.2.v20210721-1149\jre\bin\server

VM Arguments:
jvm_args: -Dfile.encoding=GBK --module-path=C:\Users\a_lei\eclipse-workspace\GUI\bin -XX:+ShowCodeDetailsInExceptionMessages -Djdk.module.main=GUI 
java_command: GUI/gui.SimpleGui1stuff
java_class_path (initial): .;E:\jdk\lib;E:\jdk\lib\tools.jar
Launcher Type: SUN_STANDARD

[Global flags]
     intx CICompilerCount                          = 3                                         {product} {ergonomic}
     uint ConcGCThreads                            = 1                                         {product} {ergonomic}
     uint G1ConcRefinementThreads                  = 4                                         {product} {ergonomic}
   size_t G1HeapRegionSize                         = 2097152                                   {product} {ergonomic}
    uintx GCDrainStackTargetSize                   = 64                                        {product} {ergonomic}
   size_t InitialHeapSize                          = 201326592                                 {product} {ergonomic}
   size_t MarkStackSize                            = 4194304                                   {product} {ergonomic}
   size_t MaxHeapSize                              = 3200253952                                {product} {ergonomic}
   size_t MinHeapDeltaBytes                        = 2097152                                   {product} {ergonomic}
   size_t MinHeapSize                              = 8388608                                   {product} {ergonomic}
    uintx NonNMethodCodeHeapSize                   = 5832780                                {pd product} {ergonomic}
    uintx NonProfiledCodeHeapSize                  = 122912730                              {pd product} {ergonomic}
    uintx ProfiledCodeHeapSize                     = 122912730                              {pd product} {ergonomic}
    uintx ReservedCodeCacheSize                    = 251658240                              {pd product} {ergonomic}
     bool SegmentedCodeCache                       = true                                      {product} {ergonomic}
     bool ShowCodeDetailsInExceptionMessages       = true                                   {manageable} {command line}
   size_t SoftMaxHeapSize                          = 3200253952                             {manageable} {ergonomic}
     bool UseCompressedClassPointers               = true                           {product lp64_product} {ergonomic}
     bool UseCompressedOops                        = true                           {product lp64_product} {ergonomic}
     bool UseG1GC                                  = true                                      {product} {ergonomic}
     bool UseLargePagesIndividualAllocation        = false                                  {pd product} {ergonomic}

Logging:
Log output configuration:
 #0: stdout all=warning uptime,level,tags
 #1: stderr all=off uptime,level,tags

Environment Variables:
JAVA_HOME=E:\jdk
CLASSPATH=.;E:\jdk\lib;E:\jdk\lib\tools.jar
PATH=C:/Users/a_lei/.p2/pool/plugins/org.eclipse.justj.openjdk.hotspot.jre.full.win32.x86_64_16.0.2.v20210721-1149/jre/bin/server;C:/Users/a_lei/.p2/pool/plugins/org.eclipse.justj.openjdk.hotspot.jre.full.win32.x86_64_16.0.2.v20210721-1149/jre/bin;C:\Program Files\Common Files\Oracle\Java\javapath;C:\Program Files\National Instruments\Shared\OpenVINO\;C:\WINDOWS\system32;C:\WINDOWS;C:\WINDOWS\System32\Wbem;C:\WINDOWS\System32\WindowsPowerShell\v1.0\;C:\WINDOWS\System32\OpenSSH\;C:\Program Files\Microsoft SQL Server\Client SDK\ODBC\110\Tools\Binn\;C:\Program Files (x86)\Microsoft SQL Server\120\Tools\Binn\;C:\Program Files\Microsoft SQL Server\120\Tools\Binn\;C:\Program Files\Microsoft SQL Server\120\DTS\Binn\;C:\Program Files (x86)\Windows Kits\8.1\Windows Performance Toolkit\;E:\jdk\bin;C:\Users\a_lei\AppData\Local\Microsoft\WindowsApps;;C:\Users\a_lei\Desktop;
USERNAME=a_leisure
OS=Windows_NT
PROCESSOR_IDENTIFIER=Intel64 Family 6 Model 61 Stepping 4, GenuineIntel



---------------  S Y S T E M  ---------------

OS:
 Windows 10 , 64 bit Build 19041 (10.0.19041.1566)
OS uptime: 3 days 23:32 hours

CPU: total 4 (initial active 4) (2 cores per cpu, 2 threads per core) family 6 model 61 stepping 4 microcode 0x2d, cx8, cmov, fxsr, ht, mmx, 3dnowpref, sse, sse2, sse3, ssse3, sse4.1, sse4.2, popcnt, lzcnt, tsc, tscinvbit, avx, avx2, aes, erms, clmul, bmi1, bmi2, adx, fma, vzeroupper, clflush

Memory: 4k page, system-wide physical 12207M (3878M free)
TotalPageFile size 15807M (AvailPageFile size 5M)
current process WorkingSet (physical memory assigned to process): 10M, peak: 10M
current process commit charge ("private bytes"): 49M, peak: 50M

vm_info: OpenJDK 64-Bit Server VM (16.0.2+7-67) for windows-amd64 JRE (16.0.2+7-67), built on Jun  8 2021 23:21:43 by "mach5one" with MS VC++ 16.7 (VS2019)

END.
